
> wlt-backend@1.0.0 dev
> tsx watch src/server.ts

🎭 Who Lies Tonight – Server running
   Local:   http://localhost:3001
   Network: http://10.0.0.114:3001  ← share this with LAN friends
   Min players: 4 | Max: 12
[Socket] Connected: n7Ux8TozwwSyk9SiAAAC
[Socket] Connected: 346hDDTNKg0HtGK0AAAD
[Socket] Disconnected: n7Ux8TozwwSyk9SiAAAC (transport close)
[Socket] Disconnected: 346hDDTNKg0HtGK0AAAD (transport close)
[Socket] Connected: G9FTAwM6uKfzHqxGAAAG
[Socket] Connected: 5V9wNTYEbAgd9NhxAAAH
[Room] Created: SJSW5M by JP22
[Socket] Connected: ol7ViY4sIVD5-GT9AAAK
[Socket] Connected: Tsv3vAhQAUdPUpNyAAAL
[Socket] Disconnected: ol7ViY4sIVD5-GT9AAAK (transport close)
[Socket] Disconnected: Tsv3vAhQAUdPUpNyAAAL (transport close)
[Socket] Connected: 5Wa8K2dpriLvEmvjAAAO
[Socket] Connected: _Uo7NN5vbEWemWdvAAAP
[Socket] Disconnected: 5Wa8K2dpriLvEmvjAAAO (transport close)
[Socket] Disconnected: _Uo7NN5vbEWemWdvAAAP (transport close)
[Socket] Connected: Zyq55RAaS3FILfELAAAS
[Socket] Connected: 7RbEWTw31G99VupQAAAT
[Socket] Disconnected: Zyq55RAaS3FILfELAAAS (transport close)
[Socket] Disconnected: 7RbEWTw31G99VupQAAAT (transport close)
[Socket] Connected: ROJbsnabek404u4vAAAW
[Socket] Connected: R8scS_7X-roqmM1JAAAX
[Socket] Disconnected: ROJbsnabek404u4vAAAW (transport close)
[Socket] Disconnected: R8scS_7X-roqmM1JAAAX (transport close)
[Socket] Connected: g6Wd3oGTi1bjOgctAAAa
[Socket] Connected: cj62etDyBeiIfdUaAAAb
[Socket] Disconnected: g6Wd3oGTi1bjOgctAAAa (transport close)
[Socket] Disconnected: cj62etDyBeiIfdUaAAAb (transport close)
[Socket] Connected: 310ntscBjd52HvruAAAe
[Socket] Connected: 1tS1MkkWQi71Zyk2AAAf
[Room] deep joined SJSW5M
[Socket] Connected: TEDt-Re4EQkVRGRhAAAi
[Socket] Connected: emAgEWyLT4geyERkAAAj
[Socket] Disconnected: TEDt-Re4EQkVRGRhAAAi (transport close)
[Socket] Disconnected: emAgEWyLT4geyERkAAAj (transport close)
[Socket] Connected: tCYv8evyjVHBEg-OAAAm
[Socket] Connected: BhftCxL5VKHEb6wNAAAn
[Socket] Disconnected: tCYv8evyjVHBEg-OAAAm (transport close)
[Socket] Disconnected: BhftCxL5VKHEb6wNAAAn (transport close)
[Socket] Connected: BAc0UgWRLLearc1KAAAq
[Socket] Connected: sss-LXvUOf2KWny9AAAr
[Room] Alisha joined SJSW5M
[Socket] Connected: ybKvgtntdXlG5L5sAAAu
[Socket] Connected: rHyXYOf8Q0vpY70QAAAv
[Room] Krishna joined SJSW5M
[Game] Started in room SJSW5M with 4 players
[Socket] Disconnected: G9FTAwM6uKfzHqxGAAAG (transport close)
[Socket] Disconnected: 5V9wNTYEbAgd9NhxAAAH (transport close)
[Socket] Connected: Al8Q4rx3lxhc1tD1AAAy
[Socket] Connected: hdeFO9FZy-KIp3_VAAAz
[Socket] Disconnected: 310ntscBjd52HvruAAAe (transport close)
[Socket] Disconnected: 1tS1MkkWQi71Zyk2AAAf (transport close)
[Socket] Connected: p_OFsD74LvgJ_kMCAAA2
[Socket] Connected: MHb8FwxMxl9xJwCUAAA3
[Cleanup] Removing inactive room SJSW5M
[Socket] Disconnected: ybKvgtntdXlG5L5sAAAu (transport close)
[Socket] Disconnected: rHyXYOf8Q0vpY70QAAAv (transport close)
[Socket] Disconnected: sss-LXvUOf2KWny9AAAr (transport close)
[Socket] Disconnected: BAc0UgWRLLearc1KAAAq (transport close)
[Socket] Disconnected: Al8Q4rx3lxhc1tD1AAAy (transport close)
[Socket] Disconnected: hdeFO9FZy-KIp3_VAAAz (transport close)
[Socket] Disconnected: p_OFsD74LvgJ_kMCAAA2 (transport close)
[Socket] Disconnected: MHb8FwxMxl9xJwCUAAA3 (transport close)
[Socket] Connected: MqW3Dayc1_YhZbvMAAA6
[Socket] Connected: j_J-haPWM9Zv1XOkAAA7
[Room] Created: B3PSGY by Jp12
[Socket] Connected: 3XNaUskWP9jXu2YYAAA-
[Socket] Connected: Koy0nvAF7Ktg1ouhAAA_
[Socket] Connected: Es8mnccleLYA3yVhAABC
[Socket] Connected: -rIL9Blcomx42PQ5AABD
[Room] deep joined B3PSGY
[Room] Alisha joined B3PSGY
[Socket] Connected: DTGIBh6A6u7mMbeYAABG
[Socket] Connected: RzDNAhntfS7bfKs-AABH
[Room] krishna joined B3PSGY
[Game] Started in room B3PSGY with 4 players
[Night] All actions submitted early in room B3PSGY
[Room] Created: Z6G6CK by jp12
[Room] Alisha joined Z6G6CK
[Room] Krishna joined Z6G6CK
[Room] Deep joined Z6G6CK
[Game] Started in room Z6G6CK with 4 players
[Night] All actions submitted early in room Z6G6CK
[Socket] Disconnected: MqW3Dayc1_YhZbvMAAA6 (transport close)
[Socket] Disconnected: j_J-haPWM9Zv1XOkAAA7 (transport close)
[Socket] Disconnected: Es8mnccleLYA3yVhAABC (transport close)
[Socket] Disconnected: -rIL9Blcomx42PQ5AABD (transport close)
[Socket] Disconnected: DTGIBh6A6u7mMbeYAABG (transport close)
[Socket] Disconnected: RzDNAhntfS7bfKs-AABH (transport close)
[Socket] Disconnected: 3XNaUskWP9jXu2YYAAA- (transport close)
[Socket] Disconnected: Koy0nvAF7Ktg1ouhAAA_ (transport close)
[Socket] Connected: lyoGnir4Uxhg3h1uAABO
[Socket] Connected: NnaNf1Xy9Q-KoiV-AABP
[Socket] Connected: eG47ogdG9P_SBCsNAABQ
[Socket] Connected: 2krxpfl30pXF8sWNAABR
[Socket] Connected: xl4p0TxZ-uu4f7uvAABS
[Socket] Connected: ydLOfXFe5I2kc_p0AABT
[Socket] Connected: bgTd5Cs99lRATVO1AABW
[Socket] Connected: x-X13Y_KCpk1gFoOAABX
[Socket] Disconnected: ydLOfXFe5I2kc_p0AABT (transport close)
[Socket] Disconnected: eG47ogdG9P_SBCsNAABQ (transport close)
[Socket] Disconnected: 2krxpfl30pXF8sWNAABR (transport close)
[Socket] Disconnected: lyoGnir4Uxhg3h1uAABO (transport close)
[Socket] Disconnected: xl4p0TxZ-uu4f7uvAABS (transport close)
[Socket] Disconnected: NnaNf1Xy9Q-KoiV-AABP (transport close)
[Socket] Connected: AC5B00EFRH0yreInAABa
[Socket] Connected: Pq4ZRxoHNbBgA4_tAABb
[Socket] Connected: L1wAj-5XQ556kBx8AABe
[Socket] Connected: pzasl7MsdVOT-vuzAABf
[Socket] Connected: QXbW2q3RmjZ3FC4oAABi
[Socket] Connected: l-M8XRfktuxr2-VtAABj
[Room] Created: WPNWTZ by jp22
[Room] deep joined WPNWTZ
[Cleanup] Removing inactive room B3PSGY
[Cleanup] Removing inactive room Z6G6CK
[Room] Alisha joined WPNWTZ
[Socket] Connected: LRIjIGw7zoCLY0w2AABm
[Socket] Connected: zdZ2TrUUmCe3lAoWAABn
[Room] Krishna joined WPNWTZ
[Game] Started in room WPNWTZ with 4 players
[Socket] Disconnected: Pq4ZRxoHNbBgA4_tAABb (transport close)
[Socket] Disconnected: AC5B00EFRH0yreInAABa (transport close)
[Socket] Connected: -vNKUtdHl-InkjaxAABq
[Socket] Connected: KJS3788G1wDVZOF7AABr
[Socket] Connected: nqBQtLiHzeKt96GTAABu
[Socket] Connected: 6wFArxr2lAVAfke1AABv
[Socket] Disconnected: L1wAj-5XQ556kBx8AABe (transport close)
[Socket] Disconnected: pzasl7MsdVOT-vuzAABf (transport close)
[Socket] Connected: 4xgF_sGoQ6Zps_-1AABy
[Socket] Connected: qAacgGjfizMM0L7BAABz
[Socket] Disconnected: LRIjIGw7zoCLY0w2AABm (transport close)
[Socket] Disconnected: zdZ2TrUUmCe3lAoWAABn (transport close)
[Socket] Connected: zHpdApvSUOpkby0eAAB2
[Socket] Connected: XDYj9C1BLflb8ZIIAAB3
[Socket] Disconnected: QXbW2q3RmjZ3FC4oAABi (transport close)
[Socket] Disconnected: l-M8XRfktuxr2-VtAABj (transport close)
[Socket] Connected: -SVIsJDcVcQF-EN4AAB6
[Socket] Connected: KaGbXMnbMexK0al6AAB7
[Room] Created: WK3QW5 by Jash
[Room] Alisha joined WK3QW5
[Room] Deep joined WK3QW5
[Cleanup] Removing inactive room WPNWTZ
[Cleanup] Removing inactive room WK3QW5
[Room] Created: RZ9J55 by Kris
[Room] Jash joined RZ9J55
[Room] Alisha joined RZ9J55
[Room] Deep joined RZ9J55
[Game] Started in room RZ9J55 with 4 players
[Night] All actions submitted early in room RZ9J55
[Socket] Disconnected: 4xgF_sGoQ6Zps_-1AABy (transport close)
[Socket] Disconnected: qAacgGjfizMM0L7BAABz (transport close)
[Socket] Disconnected: zHpdApvSUOpkby0eAAB2 (transport close)
[Socket] Disconnected: XDYj9C1BLflb8ZIIAAB3 (transport close)
[Socket] Disconnected: KaGbXMnbMexK0al6AAB7 (transport close)
[Socket] Disconnected: -SVIsJDcVcQF-EN4AAB6 (transport close)
[Socket] Disconnected: -vNKUtdHl-InkjaxAABq (transport close)
[Socket] Disconnected: KJS3788G1wDVZOF7AABr (transport close)
[Socket] Connected: H-FiHoJn5yI4l9XPAAB-
[Socket] Connected: OYBtG2N14SIMSz4tAAB_
[Socket] Disconnected: H-FiHoJn5yI4l9XPAAB- (transport close)
[Socket] Disconnected: OYBtG2N14SIMSz4tAAB_ (transport close)
[Socket] Disconnected: bgTd5Cs99lRATVO1AABW (transport close)
[Socket] Disconnected: x-X13Y_KCpk1gFoOAABX (transport close)
[Socket] Connected: E7zN0IV78KyuH_i0AACC
[Socket] Connected: 05FB1SUmV-yfUoivAACD
[Room] Created: 96S65R by jp36
[Socket] Connected: Z84Qg3WPryFSIvP_AACG
[Socket] Connected: USeEbUPwCyxq8g9fAACH
[Room] Alisha joined 96S65R
[Socket] Disconnected: nqBQtLiHzeKt96GTAABu (transport close)
[Socket] Disconnected: 6wFArxr2lAVAfke1AABv (transport close)
[Socket] Connected: oPpAExD-GHvngbLQAACK
[Socket] Connected: WQwYw5MOdYJCS8I9AACL
[Room] Deep joined 96S65R
[Socket] Connected: Lgvzap99HZYf0jAMAACO
[Socket] Connected: oTvZ4SSXTXLVRceTAACP
[Socket] Disconnected: Lgvzap99HZYf0jAMAACO (transport close)
[Socket] Disconnected: oTvZ4SSXTXLVRceTAACP (transport close)
[Socket] Connected: _P_uS-b1b_4ts3GVAACS
[Socket] Connected: _gh8lcNafE6e0DRYAACT
[Room] Krishna joined 96S65R
[Game] Started in room 96S65R with 4 players
[Cleanup] Removing inactive room RZ9J55
[Socket] Disconnected: _P_uS-b1b_4ts3GVAACS (transport close)
[Socket] Disconnected: _gh8lcNafE6e0DRYAACT (transport close)
[Socket] Connected: VTxunU6q0IgLzJ0NAACW
[Socket] Connected: FQDzxrjMTv5OxHzNAACX
[Room] Created: 2L3G9F by Krishna
[Room] jash joined 2L3G9F
[Socket] Disconnected: oPpAExD-GHvngbLQAACK (transport close)
[Socket] Disconnected: WQwYw5MOdYJCS8I9AACL (transport close)
[Socket] Connected: qT8BaPDquTMFJyQwAACa
[Socket] Connected: E3T_NYt5htSW1vcjAACb
[Room] klaandlkn joined 2L3G9F
[Socket] Disconnected: Z84Qg3WPryFSIvP_AACG (transport close)
[Socket] Disconnected: USeEbUPwCyxq8g9fAACH (transport close)
[Socket] Connected: LUKKbDogcFlIiBjdAACe
[Socket] Connected: RsnwSRtX9Auyi1edAACf
[Room] Am1 joined 2L3G9F
[Game] Started in room 2L3G9F with 4 players
[Night] All actions submitted early in room 2L3G9F
[Cleanup] Removing inactive room 96S65R
